<?xml version="1.0" encoding="UTF-8"?>
<testng-results ignored="0" total="1" passed="1" failed="0" skipped="0">
  <reporter-output>
  </reporter-output>
  <suite started-at="2021-05-26T00:02:17Z" name="Default suite" finished-at="2021-05-26T00:02:22Z" duration-ms="5398">
    <groups>
    </groups>
    <test started-at="2021-05-26T00:02:17Z" name="Default test" finished-at="2021-05-26T00:02:22Z" duration-ms="5398">
      <class name="test.LoginTest">
        <test-method signature="LoginTest()[pri:0, instance:test.LoginTest@662706a7]" started-at="2021-05-26T00:02:17Z" name="LoginTest" finished-at="2021-05-26T00:02:22Z" duration-ms="5346" status="PASS">
          <reporter-output>
          </reporter-output>
        </test-method> <!-- LoginTest -->
      </class> <!-- test.LoginTest -->
    </test> <!-- Default test -->
  </suite> <!-- Default suite -->
</testng-results>
